## Update log 更新日志
2024.11.14 for Lesta服13.11PT2版本 `v0.13.11-pre.241114`
* 适配了13.11PT2版本客户端
* 修复了部分有问题的文本

2024.11.06 for Lesta服13.11PT1版本 `v0.13.11-pre.241106`
* 适配了13.11PT1版本客户端
* 修复了部分有问题的文本

2024.10.26 for Lesta服13.10版本 `v0.13.10.241026`
* 适配了13.10版本客户端
* 修复了部分有问题的文本

2024.10.19 for Lesta服13.10PT2版本 `v0.13.10-pre.241019`
* 适配了13.10PT2版本客户端
* 修复了部分有问题的文本

2024.10.11 for Lesta服13.10PT1版本 `v0.13.10-pre.241011`
* 修复了部分有问题的文本

2024.10.10 for Lesta服13.10PT1版本 `v0.13.10-pre.241010`
* 适配了13.10PT1版本客户端
* 修正了部分船名
* 修复了部分有问题的文本

2024.10.01 for Lesta服13.9版本 `v0.13.9.241001`
* 适配了13.9版本客户端
* 修复了部分有问题的文本，使其与游戏内已有描述统一
* 修正了部分船名

2024.09.19 for Lesta服13.9PT2版本 `v0.13.9-pre.240919`
* 适配了13.9PT2版本客户端
* 修复了部分有问题的文本
* 修正了部分船名，并对于相同译名的船只作出了区分处理

2024.09.12 for Lesta服13.9PT1版本 `v0.13.9-pre.240912`
* 适配了13.9PT1版本客户端
* 修复了部分有问题的文本

2024.09.03 for Lesta服13.8版本 `v0.13.8.240903`
* 适配了13.8版本客户端
* 修正了部分描述文本，使其与游戏内已有描述统一
* 修正了游戏内部分收藏文本，对于一些已通用、已规定或约定俗成的船名进行了汉化
* 额外对于ARP、HSF联动部分船名进行了汉化

2024.08.23 for Lesta服13.8版本PT2 `v0.13.8-pre.240823`
* 适配了13.8PT2版本客户端
* 修复了部分有问题的文本
* 修正了游戏内联动部分的名称和描述
* 修正了部分描述文本，使其与游戏内已有描述统一

2024.08.15 for Lesta服13.8版本PT1 `v0.13.8-pre.240815`
* 适配了13.8PT1版本客户端
* 根据实际内容修正了部分文本描述
* 修正了部分描述文本，使其与游戏内已有描述统一

2024.08.09 for Lesta服13.7版本 `v0.13.7.240809`
* 修复了部分存在问题的任务描述

2024.08.05 for Lesta服13.7版本 `v0.13.7.240805`
* 适配了13.7版本客户端
* 新增了对于安装器的支持
* 新增了英文自述文件

2024.07.26 for Lesta服13.7版本PT2 `v0.13.7-pre.240726`
* 适配了13.7PT2版本客户端
* 根据实际内容修正了部分文本描述
* 根据联动内容修正了游戏内联动部分的名称和描述

2024.07.20 for Lesta服13.7版本PT1 `v0.13.7-pre.240720`
* 根据实际内容修正了部分文本描述

2024.07.19 for Lesta服13.7版本PT1 `v0.13.7-pre.240719`
* 适配了13.7PT1版本客户端 

2024.07.15 for Lesta服13.6版本 `v0.13.6.2407115-hotfix`
* 修复了部分存在问题的任务描述

2024.07.11 for Lesta服13.6版本 `v0.13.6.2407111-hotfix`
* 修复了部分有问题的文本

2024.07.11 for Lesta服13.6版本 `v0.13.6.240711`
* 调整了修理船坞部分的文本

2024.07.11 for Lesta服13.6版本 `v0.13.6.240711`
* 修正了部分描述文本，使其更加便于阅读和理解

2024.07.10 for Lesta服13.6版本 `v0.13.6.240710`
* 修复错误文本
* 本次更新仅有内部版本，公开版本等待下次更新

2024.07.04 for Lesta服13.6版本 `v0.13.6.240704`
* 适配了13.6版本客户端
* 修正了部分补给箱的文本
* 修改了部分文本，使其更符合实际
* 添加了部分额外文本

2024.06.27 for Lesta服13.6版本PT2 `v0.13.6-pre.240627`
* 适配了13.6PT2版本客户端
* 修改了部分文本，使其更符合实际
* 添加了部分额外文本

2024.06.18 for Lesta服13.6版本PT1 `v0.13.6-pre.240618`
* 适配了13.6PT1版本客户端
* 修复了部分存在问题的文本

2024.06.07 for Lesta服13.5版本 `v0.13.5.240607`
* 适配了13.5版本客户端
* 修复了部分存在问题的文本
* 修改了部分文本描述，使其阅读更加流畅

2024.05.31 for Lesta服13.5版本PT2 `v0.13.5-pre.240531`
* 适配了13.5PT2版本客户端
* 修复了部分存在问题的文本

2024.05.23 for Lesta服13.5版本PT1 `v0.13.5-pre.240523`
* 适配了13.5PT1版本客户端
* 修复了部分存在问题的文本

2024.05.10 for Lesta服13.4版本 `v0.13.4.240510`
* 修复了部分存在问题的文本

2024.05.08 for Lesta服13.4版本 `v0.13.4.240508`
* 适配了13.4版本客户端

2024.04.29 for Lesta服13.4版本PT2 `v0.13.4-pre.240429`
* 为适配港口显示更多资源mod添加了部分文本

2024.04.25 for Lesta服13.4版本PT2 `v0.13.4-pre.240425`
* 适配了13.4PT2版本客户端
* 调整了部分文本

2024.04.18 for Lesta服13.4版本PT1 `v0.13.4-pre.240418`
* 适配了13.4PT1版本客户端
* 调整了部分文本

2024.04.11 for Lesta服13.3版本 `v0.13.3.240411`
* 修复了部分新增的文本问题

2024.04.04 for Lesta服13.3版本 `v0.13.3.240404`
* 适配了13.3版本客户端
* 调整了部分文本
* 取消了自动安装包对于x86系统的支持

2024.03.29 for Lesta服13.3版本PT2 `v0.13.3-pre.240329`
* 适配了13.3PT2版本客户端

2024.03.22 for Lesta服13.3版本PT1 `v0.13.3-pre.240322`
* 修复了部分新增的文本问题

2024.03.21 for Lesta服13.3版本PT1 `v0.13.3-pre.240321`
* 适配了13.3PT1版本客户端
* 修复了部分文本问题

2024.03.13 for Lesta服13.2版本 `v0.13.2.240313`
* 修复了部分文本问题

2024.03.11 for Lesta服13.2版本 `v0.13.2.240311-insider_test`
* 修正了部分文本问题
* 修改了部分收藏部分文本，使文本的可读性更高

2024.03.07 for Lesta服13.2版本 `v0.13.2.240307`
* 适配了13.2版本客户端
* 修改了部分文本描述，使其阅读更加流畅

2024.03.04 for Lesta服13.1版本 `v0.13.1.240304`
* 修复了不能正确显示“SuperStart”活动相关文本的问题

2024.03.04 for Lesta服13.2版本PT2 `v0.13.2-pre.240304`
* 修复了不能正确显示“SuperStart”活动相关文本的问题

2024.03.01 for Lesta服13.2版本PT2 `v0.13.2-pre.240301`
* 适配了13.2PT2版本客户端

2024.02.25 for Lesta服13.2版本PT1 `v0.13.2-pre.240225`
* 对部分文本进行了调整
* 现在军团战相关消息会正确显示服务器了

2024.02.25 for Lesta服13.1版本 `v0.13.1.240225`
* 对部分文本进行了调整
* 现在军团战相关消息会正确显示服务器了

2024.02.23 for Lesta服13.2版本PT2 `v0.13.2-pre.240223`
* 修复了部分存在问题的文本

2024.02.22 for Lesta服13.2版本PT1 `v0.13.2-pre.240222`
* 适配了13.2PT1版本客户端
* 修正了部分文本

2024.02.20 for Lesta服13.1版本 `v0.13.1.240220`
* 修正了部分文本

2024.02.14 for Lesta服13.1版本 `v0.13.1.240214`
* 适配了13.1版本客户端
* 调整了部分文本
* 更新了开源协议

2024.02.07 for Lesta服13.1版本PT2 `v0.13.1-pre.240207`
* 修改了部分可能存在描述问题的文本

2024.02.01 for Lesta服13.1版本PT2 `v0.13.1-pre.240201`
* 适配了13.1PT2版本客户端
* 调整了部分存在错误的文本

2024.01.26 for Lesta服13.1版本PT1 `v0.13.1-pre.240126`
* 修复了部分任务描述文本不显示的BUG
* 重新调整了部分文本，如发现有任务描述文本出现显示问题等，请即时反馈

2024.01.25 for Lesta服13.1版本PT1 `v0.13.1-pre.240125`
* 适配了13.1PT1版本客户端
* 重新调整了部分文本，如有任务出现显示问题等，请即时反馈

2024.01.20 for Lesta服13.0版本 `v0.13.0.240120`
* 新增了部分文本，以适配港口资源显示mod

2024.01.18 for Lesta服13.0版本 `v0.13.0.240118`
* 新增了部分文本
* 修复了部分存在问题的文本

2024.01.17 for Lesta服13.0版本 `v0.13.0.230117`
* 修复了部分错误文本
* 新增了部分文本，以适配科技树全显mod

2024.01.13 for Lesta服13.0版本 `v0.13.0.240113`
* 新增了部分文本，以适配科技树全显mod

2024.01.12 for Lesta服13.0版本 `v0.13.0.240112`
* 修复了部分存在问题的文本
* 应某些人要求暂停更新繁中版本，如有需要请单独向我联系

2024.01.11 for Lesta服13.0版本 `v0.13.0.240111`
* 适配了13.0版本客户端
* 修复了部分存在问题的文本
* 本次为简中版本与繁中版本同步进行的更新，请诸位使用本汉化包的玩家注意版本区别。
* 最后，祝各位使用本汉化包的玩家新年快乐！

2023.12.28 for Lesta服13.0版本pt2 `v0.13.0-pre.231228`
* 修复了部分存在问题的文本
* 新增了繁中版本汉化

2023.12.21 for Lesta服13.0版本PT2 `v0.13.0-pre.231221`
* 适配了13.0PT2版本客户端
* 修复了部分存在问题的文本

2023.12.14 for Lesta服13.0版本PT1 `v0.13.0-pre.231214`
* 适配了13.0PT1版本客户端

2023.12.09 for Lesta服12.11版本 `v0.12.11.231209`
* 修复了部分存在问题的文本
* 修改了部分属性描述

2023.12.08 for Lesta服12.11版本 `v0.12.11.231208`
* 修复了部分存在显示问题的文本

2023.12.06 for Lesta服12.11版本 `v0.12.11.231206`
* 修复了部分存在显示问题的文本
* 将舰船`科米萨尔`调整为舰船`政委`
* 调整了`旅顺`的新皮肤名

2023.11.30 for Lesta服12.11版本 `v0.12.11.231130`
* 修复了部分存在显示问题的文本
* 适配了12.11版本客户端

2023.11.23 for Lesta服12.11版本PT2 `v0.12.11-pre.231113`
* 修复了部分存在问题的文本
* 适配了12.11PT2版本

2023.11.17 for Lesta服12.11版本PT1 `v0.12.11-pre.231117`
* 依照12.11PT1版本文件更新了新的汉化
* 修复了部分存在问题的文本

2023.11.12 for Lesta服12.10版本 `v0.12.103.231112`
* 修复了部分存在问题的文本